[debug] [2019-01-08T11:32:59.089Z] ----------------------------------------------------------------------
[debug] [2019-01-08T11:32:59.105Z] Command:       C:\Program Files\nodejs\node.exe C:\Users\라윤혜\AppData\Roaming\npm\node_modules\firebase-tools\bin\firebase serve
[debug] [2019-01-08T11:32:59.105Z] CLI Version:   4.2.1
[debug] [2019-01-08T11:32:59.105Z] Platform:      win32
[debug] [2019-01-08T11:32:59.105Z] Node Version:  v8.12.0
[debug] [2019-01-08T11:32:59.105Z] Time:          Tue Jan 08 2019 20:32:59 GMT+0900 (대한민국 표준시)
[debug] [2019-01-08T11:32:59.105Z] ----------------------------------------------------------------------
[debug] 
[debug] [2019-01-08T11:32:59.152Z] > command requires scopes: ["email","openid","https://www.googleapis.com/auth/cloudplatformprojects.readonly","https://www.googleapis.com/auth/firebase","https://www.googleapis.com/auth/cloud-platform"]
[debug] [2019-01-08T11:32:59.152Z] > authorizing via signed-in user
[debug] [2019-01-08T11:32:59.152Z] >>> HTTP REQUEST GET https://admin.firebase.com/v1/projects/yune-manup  
 
[debug] [2019-01-08T11:33:01.323Z] <<< HTTP RESPONSE 200
[debug] [2019-01-08T11:33:01.323Z] >>> HTTP REQUEST GET https://cloudresourcemanager.googleapis.com/v1/projects/yune-manup  
 
[debug] [2019-01-08T11:33:02.946Z] <<< HTTP RESPONSE 200
[info] 
[info] === Serving from 'C:\Users\라윤혜\Desktop\fbroot\manup'...
[info] 
[debug] [2019-01-08T11:33:02.946Z] >>> HTTP REQUEST GET https://mobilesdk-pa.googleapis.com/v1/projects/27826447342/clients/_:getWebAppConfig  
 
[debug] [2019-01-08T11:33:04.259Z] <<< HTTP RESPONSE 200
[info] i  hosting[yune-manup]: Serving hosting files from: public
[info] +  hosting[yune-manup]: Local server: http://localhost:5000
[debug] [2019-01-08T11:49:27.579Z] Error: write after end
    at write_ (_http_outgoing.js:622:15)
    at ServerResponse.write (_http_outgoing.js:617:10)
    at ReadStream.ondata (_stream_readable.js:639:20)
    at emitOne (events.js:116:13)
    at ReadStream.emit (events.js:211:7)
    at addChunk (_stream_readable.js:263:12)
    at readableAddChunk (_stream_readable.js:250:11)
    at ReadStream.Readable.push (_stream_readable.js:208:10)
    at fs.read (fs.js:2059:12)
    at FSReqWrap.wrapper [as oncomplete] (fs.js:658:17)
[error] 
[error] Error: An unexpected error has occurred.
[debug] [2019-01-09T06:49:56.700Z] ----------------------------------------------------------------------
[debug] [2019-01-09T06:49:56.700Z] Command:       C:\Program Files\nodejs\node.exe C:\Users\라윤혜\AppData\Roaming\npm\node_modules\firebase-tools\bin\firebase serve
[debug] [2019-01-09T06:49:56.700Z] CLI Version:   4.2.1
[debug] [2019-01-09T06:49:56.700Z] Platform:      win32
[debug] [2019-01-09T06:49:56.700Z] Node Version:  v8.12.0
[debug] [2019-01-09T06:49:56.716Z] Time:          Wed Jan 09 2019 15:49:56 GMT+0900 (대한민국 표준시)
[debug] [2019-01-09T06:49:56.716Z] ----------------------------------------------------------------------
[debug] 
[debug] [2019-01-09T06:49:56.762Z] > command requires scopes: ["email","openid","https://www.googleapis.com/auth/cloudplatformprojects.readonly","https://www.googleapis.com/auth/firebase","https://www.googleapis.com/auth/cloud-platform"]
[debug] [2019-01-09T06:49:56.762Z] > authorizing via signed-in user
[debug] [2019-01-09T06:49:56.762Z] > refreshing access token with scopes: ["email","https://www.googleapis.com/auth/cloud-platform","https://www.googleapis.com/auth/cloudplatformprojects.readonly","https://www.googleapis.com/auth/firebase","openid"]
[debug] [2019-01-09T06:49:56.762Z] >>> HTTP REQUEST POST https://www.googleapis.com/oauth2/v3/token  

[debug] [2019-01-09T06:49:57.514Z] <<< HTTP RESPONSE 200
[debug] [2019-01-09T06:49:57.529Z] >>> HTTP REQUEST GET https://admin.firebase.com/v1/projects/yune-manup  
 
[debug] [2019-01-09T06:49:58.842Z] <<< HTTP RESPONSE 200
[debug] [2019-01-09T06:49:58.845Z] >>> HTTP REQUEST GET https://cloudresourcemanager.googleapis.com/v1/projects/yune-manup  
 
[debug] [2019-01-09T06:50:00.567Z] <<< HTTP RESPONSE 200
[info] 
[info] === Serving from 'C:\Users\라윤혜\Desktop\fbroot\manup'...
[info] 
[debug] [2019-01-09T06:50:00.613Z] >>> HTTP REQUEST GET https://mobilesdk-pa.googleapis.com/v1/projects/27826447342/clients/_:getWebAppConfig  
 
[debug] [2019-01-09T06:50:02.296Z] <<< HTTP RESPONSE 200
[info] i  hosting[yune-manup]: Serving hosting files from: public
[info] +  hosting[yune-manup]: Local server: http://localhost:5000
[debug] [2019-01-09T06:56:56.154Z] Error: write after end
    at write_ (_http_outgoing.js:622:15)
    at ServerResponse.write (_http_outgoing.js:617:10)
    at ReadStream.ondata (_stream_readable.js:639:20)
    at emitOne (events.js:116:13)
    at ReadStream.emit (events.js:211:7)
    at addChunk (_stream_readable.js:263:12)
    at readableAddChunk (_stream_readable.js:250:11)
    at ReadStream.Readable.push (_stream_readable.js:208:10)
    at fs.read (fs.js:2059:12)
    at FSReqWrap.wrapper [as oncomplete] (fs.js:658:17)
[error] 
[error] Error: An unexpected error has occurred.
